<?xml version="1.0" encoding="UTF-8"?>
<testsuite name="co.com.bancolombia.usecase.registreruser.RegistrerUserUseCaseTest" tests="6" skipped="0" failures="0" errors="0" timestamp="2025-09-01T15:29:57.863Z" hostname="DONALDO" time="0.903">
  <properties/>
  <testcase name="salaryAtUpperLimit()" classname="co.com.bancolombia.usecase.registreruser.RegistrerUserUseCaseTest" time="0.88"/>
  <testcase name="emailAlreadyExists()" classname="co.com.bancolombia.usecase.registreruser.RegistrerUserUseCaseTest" time="0.007"/>
  <testcase name="emailValid()" classname="co.com.bancolombia.usecase.registreruser.RegistrerUserUseCaseTest" time="0.003"/>
  <testcase name="salaryIsNegative()" classname="co.com.bancolombia.usecase.registreruser.RegistrerUserUseCaseTest" time="0.005"/>
  <testcase name="successfulUserSave()" classname="co.com.bancolombia.usecase.registreruser.RegistrerUserUseCaseTest" time="0.002"/>
  <testcase name="salaryOverUpperLimit()" classname="co.com.bancolombia.usecase.registreruser.RegistrerUserUseCaseTest" time="0.002"/>
  <system-out><![CDATA[]]></system-out>
  <system-err><![CDATA[]]></system-err>
</testsuite>
